Determining if the __GLIBC__ exist failed with the following output:
Change Dir: /Users/petros/QtDice/build/CMakeFiles/CMakeTmp

Run Build Command:"/usr/bin/make" "cmTC_d4032/fast"
/Applications/Xcode.app/Contents/Developer/usr/bin/make -f CMakeFiles/cmTC_d4032.dir/build.make CMakeFiles/cmTC_d4032.dir/build
Building C object CMakeFiles/cmTC_d4032.dir/CheckSymbolExists.c.o
/Applications/Xcode.app/Contents/Developer/Toolchains/XcodeDefault.xctoolchain/usr/bin/cc    -o CMakeFiles/cmTC_d4032.dir/CheckSymbolExists.c.o   -c /Users/petros/QtDice/build/CMakeFiles/CMakeTmp/CheckSymbolExists.c
/Users/petros/QtDice/build/CMakeFiles/CMakeTmp/CheckSymbolExists.c:8:19: error: use of undeclared identifier '__GLIBC__'
  return ((int*)(&__GLIBC__))[argc];
                  ^
1 error generated.
make[1]: *** [CMakeFiles/cmTC_d4032.dir/CheckSymbolExists.c.o] Error 1
make: *** [cmTC_d4032/fast] Error 2

File /Users/petros/QtDice/build/CMakeFiles/CMakeTmp/CheckSymbolExists.c:
/* */
#include <stdlib.h>

int main(int argc, char** argv)
{
  (void)argv;
#ifndef __GLIBC__
  return ((int*)(&__GLIBC__))[argc];
#else
  (void)argc;
  return 0;
#endif
}

